<?xml version="1.0" encoding="UTF-8"?>
<testsuite name="com.example.jpa.controller.UserApiControllerTest" tests="1" skipped="0" failures="0" errors="0" timestamp="2020-08-22T11:00:31" hostname="DH-iMac-27.local" time="0.619">
  <properties/>
  <testcase name="test_crud()" classname="com.example.jpa.controller.UserApiControllerTest" time="0.619"/>
  <system-out><![CDATA[20:00:28.243 [Test worker] DEBUG org.springframework.test.context.BootstrapUtils - Instantiating CacheAwareContextLoaderDelegate from class [org.springframework.test.context.cache.DefaultCacheAwareContextLoaderDelegate]
20:00:28.252 [Test worker] DEBUG org.springframework.test.context.BootstrapUtils - Instantiating BootstrapContext using constructor [public org.springframework.test.context.support.DefaultBootstrapContext(java.lang.Class,org.springframework.test.context.CacheAwareContextLoaderDelegate)]
20:00:28.269 [Test worker] DEBUG org.springframework.test.context.BootstrapUtils - Instantiating TestContextBootstrapper for test class [com.example.jpa.controller.UserApiControllerTest] from class [org.springframework.boot.test.context.SpringBootTestContextBootstrapper]
20:00:28.281 [Test worker] INFO org.springframework.boot.test.context.SpringBootTestContextBootstrapper - Neither @ContextConfiguration nor @ContextHierarchy found for test class [com.example.jpa.controller.UserApiControllerTest], using SpringBootContextLoader
20:00:28.284 [Test worker] DEBUG org.springframework.test.context.support.AbstractContextLoader - Did not detect default resource location for test class [com.example.jpa.controller.UserApiControllerTest]: class path resource [com/example/jpa/controller/UserApiControllerTest-context.xml] does not exist
20:00:28.285 [Test worker] DEBUG org.springframework.test.context.support.AbstractContextLoader - Did not detect default resource location for test class [com.example.jpa.controller.UserApiControllerTest]: class path resource [com/example/jpa/controller/UserApiControllerTestContext.groovy] does not exist
20:00:28.285 [Test worker] INFO org.springframework.test.context.support.AbstractContextLoader - Could not detect default resource locations for test class [com.example.jpa.controller.UserApiControllerTest]: no resource found for suffixes {-context.xml, Context.groovy}.
20:00:28.286 [Test worker] INFO org.springframework.test.context.support.AnnotationConfigContextLoaderUtils - Could not detect default configuration classes for test class [com.example.jpa.controller.UserApiControllerTest]: UserApiControllerTest does not declare any static, non-private, non-final, nested classes annotated with @Configuration.
20:00:28.331 [Test worker] DEBUG org.springframework.test.context.support.ActiveProfilesUtils - Could not find an 'annotation declaring class' for annotation type [org.springframework.test.context.ActiveProfiles] and class [com.example.jpa.controller.UserApiControllerTest]
20:00:28.379 [Test worker] DEBUG org.springframework.context.annotation.ClassPathScanningCandidateComponentProvider - Identified candidate component class: file [/Users/donghyuk/Playground/Java/jpa-example/build/classes/java/main/com/example/jpa/JpaExampleApplication.class]
20:00:28.379 [Test worker] INFO org.springframework.boot.test.context.SpringBootTestContextBootstrapper - Found @SpringBootConfiguration com.example.jpa.JpaExampleApplication for test class com.example.jpa.controller.UserApiControllerTest
20:00:28.456 [Test worker] DEBUG org.springframework.boot.test.context.SpringBootTestContextBootstrapper - @TestExecutionListeners is not present for class [com.example.jpa.controller.UserApiControllerTest]: using defaults.
20:00:28.457 [Test worker] INFO org.springframework.boot.test.context.SpringBootTestContextBootstrapper - Loaded default TestExecutionListener class names from location [META-INF/spring.factories]: [org.springframework.boot.test.autoconfigure.restdocs.RestDocsTestExecutionListener, org.springframework.boot.test.autoconfigure.web.client.MockRestServiceServerResetTestExecutionListener, org.springframework.boot.test.autoconfigure.web.servlet.MockMvcPrintOnlyOnFailureTestExecutionListener, org.springframework.boot.test.autoconfigure.web.servlet.WebDriverTestExecutionListener, org.springframework.boot.test.autoconfigure.webservices.client.MockWebServiceServerTestExecutionListener, org.springframework.boot.test.mock.mockito.MockitoTestExecutionListener, org.springframework.boot.test.mock.mockito.ResetMocksTestExecutionListener, org.springframework.test.context.web.ServletTestExecutionListener, org.springframework.test.context.support.DirtiesContextBeforeModesTestExecutionListener, org.springframework.test.context.support.DependencyInjectionTestExecutionListener, org.springframework.test.context.support.DirtiesContextTestExecutionListener, org.springframework.test.context.transaction.TransactionalTestExecutionListener, org.springframework.test.context.jdbc.SqlScriptsTestExecutionListener, org.springframework.test.context.event.EventPublishingTestExecutionListener]
20:00:28.470 [Test worker] INFO org.springframework.boot.test.context.SpringBootTestContextBootstrapper - Using TestExecutionListeners: [org.springframework.test.context.web.ServletTestExecutionListener@3ab0dedf, org.springframework.test.context.support.DirtiesContextBeforeModesTestExecutionListener@149ea79b, org.springframework.boot.test.mock.mockito.MockitoTestExecutionListener@1702f327, org.springframework.boot.test.autoconfigure.SpringBootDependencyInjectionTestExecutionListener@46517067, org.springframework.test.context.support.DirtiesContextTestExecutionListener@7a2b0854, org.springframework.test.context.transaction.TransactionalTestExecutionListener@1be8caf5, org.springframework.test.context.jdbc.SqlScriptsTestExecutionListener@1b738964, org.springframework.test.context.event.EventPublishingTestExecutionListener@56ec0025, org.springframework.boot.test.autoconfigure.restdocs.RestDocsTestExecutionListener@7427db04, org.springframework.boot.test.autoconfigure.web.client.MockRestServiceServerResetTestExecutionListener@29450817, org.springframework.boot.test.autoconfigure.web.servlet.MockMvcPrintOnlyOnFailureTestExecutionListener@2e7a8cf2, org.springframework.boot.test.autoconfigure.web.servlet.WebDriverTestExecutionListener@18215c30, org.springframework.boot.test.autoconfigure.webservices.client.MockWebServiceServerTestExecutionListener@52945bcb, org.springframework.boot.test.mock.mockito.ResetMocksTestExecutionListener@5310e43e]
20:00:28.472 [Test worker] DEBUG org.springframework.test.context.support.AbstractDirtiesContextTestExecutionListener - Before test class: context [DefaultTestContext@6f8230fe testClass = UserApiControllerTest, testInstance = [null], testMethod = [null], testException = [null], mergedContextConfiguration = [WebMergedContextConfiguration@a8b3b64 testClass = UserApiControllerTest, locations = '{}', classes = '{class com.example.jpa.JpaExampleApplication}', contextInitializerClasses = '[]', activeProfiles = '{}', propertySourceLocations = '{}', propertySourceProperties = '{org.springframework.boot.test.context.SpringBootTestContextBootstrapper=true, server.port=0}', contextCustomizers = set[org.springframework.boot.test.autoconfigure.properties.PropertyMappingContextCustomizer@6c5dc6c6, org.springframework.boot.test.autoconfigure.web.servlet.WebDriverContextCustomizerFactory$Customizer@18e4a74, [ImportsContextCustomizer@4923c30f key = [org.springframework.boot.test.autoconfigure.web.client.WebClientRestTemplateAutoConfiguration, org.springframework.boot.autoconfigure.gson.GsonAutoConfiguration, org.springframework.boot.autoconfigure.http.HttpMessageConvertersAutoConfiguration, org.springframework.boot.autoconfigure.http.codec.CodecsAutoConfiguration, org.springframework.boot.autoconfigure.jackson.JacksonAutoConfiguration, org.springframework.boot.autoconfigure.jsonb.JsonbAutoConfiguration, org.springframework.boot.autoconfigure.web.client.RestTemplateAutoConfiguration, org.springframework.boot.autoconfigure.web.reactive.function.client.WebClientAutoConfiguration]], org.springframework.boot.test.context.filter.ExcludeFilterContextCustomizer@2ee7eea0, org.springframework.boot.test.json.DuplicateJsonObjectContextCustomizerFactory$DuplicateJsonObjectContextCustomizer@1d560d03, org.springframework.boot.test.mock.mockito.MockitoContextCustomizer@0, org.springframework.boot.test.web.client.TestRestTemplateContextCustomizer@6e7567ae, org.springframework.boot.test.web.reactive.server.WebTestClientContextCustomizer@672de447, org.springframework.boot.test.context.SpringBootTestArgs@1], resourceBasePath = 'src/main/webapp', contextLoader = 'org.springframework.boot.test.context.SpringBootContextLoader', parent = [null]], attributes = map['org.springframework.test.context.web.ServletTestExecutionListener.activateListener' -> false]], class annotated with @DirtiesContext [false] with mode [null].
20:00:28.480 [Test worker] DEBUG org.springframework.test.context.support.DependencyInjectionTestExecutionListener - Performing dependency injection for test context [[DefaultTestContext@6f8230fe testClass = UserApiControllerTest, testInstance = com.example.jpa.controller.UserApiControllerTest@7b515004, testMethod = [null], testException = [null], mergedContextConfiguration = [WebMergedContextConfiguration@a8b3b64 testClass = UserApiControllerTest, locations = '{}', classes = '{class com.example.jpa.JpaExampleApplication}', contextInitializerClasses = '[]', activeProfiles = '{}', propertySourceLocations = '{}', propertySourceProperties = '{org.springframework.boot.test.context.SpringBootTestContextBootstrapper=true, server.port=0}', contextCustomizers = set[org.springframework.boot.test.autoconfigure.properties.PropertyMappingContextCustomizer@6c5dc6c6, org.springframework.boot.test.autoconfigure.web.servlet.WebDriverContextCustomizerFactory$Customizer@18e4a74, [ImportsContextCustomizer@4923c30f key = [org.springframework.boot.test.autoconfigure.web.client.WebClientRestTemplateAutoConfiguration, org.springframework.boot.autoconfigure.gson.GsonAutoConfiguration, org.springframework.boot.autoconfigure.http.HttpMessageConvertersAutoConfiguration, org.springframework.boot.autoconfigure.http.codec.CodecsAutoConfiguration, org.springframework.boot.autoconfigure.jackson.JacksonAutoConfiguration, org.springframework.boot.autoconfigure.jsonb.JsonbAutoConfiguration, org.springframework.boot.autoconfigure.web.client.RestTemplateAutoConfiguration, org.springframework.boot.autoconfigure.web.reactive.function.client.WebClientAutoConfiguration]], org.springframework.boot.test.context.filter.ExcludeFilterContextCustomizer@2ee7eea0, org.springframework.boot.test.json.DuplicateJsonObjectContextCustomizerFactory$DuplicateJsonObjectContextCustomizer@1d560d03, org.springframework.boot.test.mock.mockito.MockitoContextCustomizer@0, org.springframework.boot.test.web.client.TestRestTemplateContextCustomizer@6e7567ae, org.springframework.boot.test.web.reactive.server.WebTestClientContextCustomizer@672de447, org.springframework.boot.test.context.SpringBootTestArgs@1], resourceBasePath = 'src/main/webapp', contextLoader = 'org.springframework.boot.test.context.SpringBootContextLoader', parent = [null]], attributes = map['org.springframework.test.context.web.ServletTestExecutionListener.activateListener' -> false]]].
20:00:28.503 [Test worker] DEBUG org.springframework.test.context.support.TestPropertySourceUtils - Adding inlined properties to environment: {spring.jmx.enabled=false, org.springframework.boot.test.context.SpringBootTestContextBootstrapper=true, server.port=0}

  .   ____          _            __ _ _
 /\\ / ___'_ __ _ _(_)_ __  __ _ \ \ \ \
( ( )\___ | '_ | '_| | '_ \/ _` | \ \ \ \
 \\/  ___)| |_)| | | | | || (_| |  ) ) ) )
  '  |____| .__|_| |_|_| |_\__, | / / / /
 =========|_|==============|___/=/_/_/_/
 :: Spring Boot ::        (v2.3.3.RELEASE)

2020-08-22 20:00:28.893  INFO 12025 --- [    Test worker] c.e.j.controller.UserApiControllerTest   : Starting UserApiControllerTest on DH-iMac-27.local with PID 12025 (started by donghyuk in /Users/donghyuk/Playground/Java/jpa-example)
2020-08-22 20:00:28.894  INFO 12025 --- [    Test worker] c.e.j.controller.UserApiControllerTest   : No active profile set, falling back to default profiles: default
2020-08-22 20:00:29.301  INFO 12025 --- [    Test worker] .s.d.r.c.RepositoryConfigurationDelegate : Bootstrapping Spring Data JPA repositories in DEFERRED mode.
2020-08-22 20:00:29.458  INFO 12025 --- [    Test worker] .s.d.r.c.RepositoryConfigurationDelegate : Finished Spring Data repository scanning in 150ms. Found 1 JPA repository interfaces.
2020-08-22 20:00:29.884  INFO 12025 --- [    Test worker] o.s.b.w.embedded.tomcat.TomcatWebServer  : Tomcat initialized with port(s): 0 (http)
2020-08-22 20:00:29.893  INFO 12025 --- [    Test worker] o.apache.catalina.core.StandardService   : Starting service [Tomcat]
2020-08-22 20:00:29.893  INFO 12025 --- [    Test worker] org.apache.catalina.core.StandardEngine  : Starting Servlet engine: [Apache Tomcat/9.0.37]
2020-08-22 20:00:29.980  INFO 12025 --- [    Test worker] o.a.c.c.C.[Tomcat].[localhost].[/]       : Initializing Spring embedded WebApplicationContext
2020-08-22 20:00:29.980  INFO 12025 --- [    Test worker] w.s.c.ServletWebServerApplicationContext : Root WebApplicationContext: initialization completed in 1075 ms
2020-08-22 20:00:30.156  INFO 12025 --- [    Test worker] o.s.s.concurrent.ThreadPoolTaskExecutor  : Initializing ExecutorService 'applicationTaskExecutor'
2020-08-22 20:00:30.169  INFO 12025 --- [    Test worker] com.zaxxer.hikari.HikariDataSource       : HikariPool-1 - Starting...
2020-08-22 20:00:30.324  INFO 12025 --- [    Test worker] com.zaxxer.hikari.HikariDataSource       : HikariPool-1 - Start completed.
2020-08-22 20:00:30.389  INFO 12025 --- [         task-1] o.hibernate.jpa.internal.util.LogHelper  : HHH000204: Processing PersistenceUnitInfo [name: default]
2020-08-22 20:00:30.437  INFO 12025 --- [         task-1] org.hibernate.Version                    : HHH000412: Hibernate ORM core version 5.4.20.Final
2020-08-22 20:00:30.505  WARN 12025 --- [    Test worker] JpaBaseConfiguration$JpaWebConfiguration : spring.jpa.open-in-view is enabled by default. Therefore, database queries may be performed during view rendering. Explicitly configure spring.jpa.open-in-view to disable this warning
2020-08-22 20:00:30.583  INFO 12025 --- [         task-1] o.hibernate.annotations.common.Version   : HCANN000001: Hibernate Commons Annotations {5.1.0.Final}
2020-08-22 20:00:30.699  INFO 12025 --- [         task-1] org.hibernate.dialect.Dialect            : HHH000400: Using dialect: org.hibernate.dialect.H2Dialect
2020-08-22 20:00:30.902  INFO 12025 --- [    Test worker] o.s.b.w.embedded.tomcat.TomcatWebServer  : Tomcat started on port(s): 59879 (http) with context path ''
2020-08-22 20:00:30.903  INFO 12025 --- [    Test worker] DeferredRepositoryInitializationListener : Triggering deferred initialization of Spring Data repositories…
2020-08-22 20:00:31.170  INFO 12025 --- [         task-1] o.h.e.t.j.p.i.JtaPlatformInitiator       : HHH000490: Using JtaPlatform implementation: [org.hibernate.engine.transaction.jta.platform.internal.NoJtaPlatform]
2020-08-22 20:00:31.176  INFO 12025 --- [         task-1] j.LocalContainerEntityManagerFactoryBean : Initialized JPA EntityManagerFactory for persistence unit 'default'
2020-08-22 20:00:31.298  INFO 12025 --- [    Test worker] DeferredRepositoryInitializationListener : Spring Data repositories initialized!
2020-08-22 20:00:31.304  INFO 12025 --- [    Test worker] c.e.j.controller.UserApiControllerTest   : Started UserApiControllerTest in 2.797 seconds (JVM running for 3.658)
2020-08-22 20:00:31.794  INFO 12025 --- [o-auto-1-exec-1] o.a.c.c.C.[Tomcat].[localhost].[/]       : Initializing Spring DispatcherServlet 'dispatcherServlet'
2020-08-22 20:00:31.794  INFO 12025 --- [o-auto-1-exec-1] o.s.web.servlet.DispatcherServlet        : Initializing Servlet 'dispatcherServlet'
2020-08-22 20:00:31.805  INFO 12025 --- [o-auto-1-exec-1] o.s.web.servlet.DispatcherServlet        : Completed initialization in 11 ms
]]></system-out>
  <system-err><![CDATA[]]></system-err>
</testsuite>
